{
  "extra": {},
  "file": "/cmd/main.go:105",
  "func": "main.Run()",
  "level": "info",
  "msg": "start listening on :8080",
  "time": "2023-04-08T20:38:03+03:00"
}
{
  "extra": {},
  "file": "cors.go:381",
  "func": "github.com/rs/cors.(*Cors).logf()",
  "level": "info",
  "msg": "Handler: Actual request",
  "time": "2023-04-08T20:40:39+03:00"
}
{
  "extra": {},
  "file": "cors.go:381",
  "func": "github.com/rs/cors.(*Cors).logf()",
  "level": "info",
  "msg": "  Actual request no headers added: origin 'http://localhost:3000' not allowed",
  "time": "2023-04-08T20:40:39+03:00"
}
{
  "extra": {},
  "file": "cors.go:381",
  "func": "github.com/rs/cors.(*Cors).logf()",
  "level": "info",
  "msg": "Handler: Actual request",
  "time": "2023-04-08T20:40:55+03:00"
}
{
  "extra": {},
  "file": "cors.go:381",
  "func": "github.com/rs/cors.(*Cors).logf()",
  "level": "info",
  "msg": "  Actual request no headers added: origin 'http://localhost:3000' not allowed",
  "time": "2023-04-08T20:40:55+03:00"
}
{
  "extra": {},
  "file": "cors.go:381",
  "func": "github.com/rs/cors.(*Cors).logf()",
  "level": "info",
  "msg": "Handler: Actual request",
  "time": "2023-04-08T20:42:08+03:00"
}
{
  "extra": {},
  "file": "cors.go:381",
  "func": "github.com/rs/cors.(*Cors).logf()",
  "level": "info",
  "msg": "  Actual request no headers added: origin 'http://localhost:3000' not allowed",
  "time": "2023-04-08T20:42:08+03:00"
}
{
  "extra": {},
  "file": "/cmd/main.go:105",
  "func": "main.Run()",
  "level": "info",
  "msg": "start listening on :8080",
  "time": "2023-04-08T20:43:06+03:00"
}
{
  "extra": {},
  "file": "cors.go:381",
  "func": "github.com/rs/cors.(*Cors).logf()",
  "level": "info",
  "msg": "Handler: Actual request",
  "time": "2023-04-08T20:43:16+03:00"
}
{
  "extra": {},
  "file": "cors.go:381",
  "func": "github.com/rs/cors.(*Cors).logf()",
  "level": "info",
  "msg": "  Actual request no headers added: origin 'http://localhost:3000' not allowed",
  "time": "2023-04-08T20:43:16+03:00"
}
{
  "extra": {},
  "file": "cors.go:381",
  "func": "github.com/rs/cors.(*Cors).logf()",
  "level": "info",
  "msg": "Handler: Actual request",
  "time": "2023-04-08T20:43:25+03:00"
}
{
  "extra": {},
  "file": "cors.go:381",
  "func": "github.com/rs/cors.(*Cors).logf()",
  "level": "info",
  "msg": "  Actual request no headers added: origin 'http://localhost:3000' not allowed",
  "time": "2023-04-08T20:43:25+03:00"
}
{
  "extra": {},
  "file": "cors.go:381",
  "func": "github.com/rs/cors.(*Cors).logf()",
  "level": "info",
  "msg": "Handler: Actual request",
  "time": "2023-04-08T20:43:32+03:00"
}
{
  "extra": {},
  "file": "cors.go:381",
  "func": "github.com/rs/cors.(*Cors).logf()",
  "level": "info",
  "msg": "  Actual request no headers added: origin 'http://localhost:3000' not allowed",
  "time": "2023-04-08T20:43:32+03:00"
}
{
  "extra": {},
  "file": "cors.go:381",
  "func": "github.com/rs/cors.(*Cors).logf()",
  "level": "info",
  "msg": "Handler: Actual request",
  "time": "2023-04-08T20:43:38+03:00"
}
{
  "extra": {},
  "file": "cors.go:381",
  "func": "github.com/rs/cors.(*Cors).logf()",
  "level": "info",
  "msg": "  Actual request no headers added: origin 'http://localhost:3000' not allowed",
  "time": "2023-04-08T20:43:38+03:00"
}
{
  "extra": {},
  "file": "cors.go:381",
  "func": "github.com/rs/cors.(*Cors).logf()",
  "level": "info",
  "msg": "Handler: Actual request",
  "time": "2023-04-08T20:43:58+03:00"
}
{
  "extra": {},
  "file": "cors.go:381",
  "func": "github.com/rs/cors.(*Cors).logf()",
  "level": "info",
  "msg": "  Actual request no headers added: origin 'http://localhost:3000' not allowed",
  "time": "2023-04-08T20:43:58+03:00"
}
{
  "extra": {},
  "file": "cors.go:381",
  "func": "github.com/rs/cors.(*Cors).logf()",
  "level": "info",
  "msg": "Handler: Actual request",
  "time": "2023-04-08T20:44:03+03:00"
}
{
  "extra": {},
  "file": "cors.go:381",
  "func": "github.com/rs/cors.(*Cors).logf()",
  "level": "info",
  "msg": "  Actual request no headers added: origin 'http://localhost:3000' not allowed",
  "time": "2023-04-08T20:44:03+03:00"
}
{
  "extra": {},
  "file": "cors.go:381",
  "func": "github.com/rs/cors.(*Cors).logf()",
  "level": "info",
  "msg": "Handler: Actual request",
  "time": "2023-04-08T20:44:08+03:00"
}
{
  "extra": {},
  "file": "cors.go:381",
  "func": "github.com/rs/cors.(*Cors).logf()",
  "level": "info",
  "msg": "  Actual request no headers added: origin 'http://localhost:3000' not allowed",
  "time": "2023-04-08T20:44:08+03:00"
}
{
  "extra": {},
  "file": "/cmd/main.go:105",
  "func": "main.Run()",
  "level": "info",
  "msg": "start listening on :8080",
  "time": "2023-04-08T20:54:31+03:00"
}
{
  "extra": {},
  "file": "cors.go:381",
  "func": "github.com/rs/cors.(*Cors).logf()",
  "level": "info",
  "msg": "Handler: Actual request",
  "time": "2023-04-08T20:54:36+03:00"
}
{
  "extra": {},
  "file": "cors.go:381",
  "func": "github.com/rs/cors.(*Cors).logf()",
  "level": "info",
  "msg": "  Actual request no headers added: origin 'http://localhost:3000' not allowed",
  "time": "2023-04-08T20:54:36+03:00"
}
{
  "extra": {},
  "file": "cors.go:381",
  "func": "github.com/rs/cors.(*Cors).logf()",
  "level": "info",
  "msg": "Handler: Actual request",
  "time": "2023-04-08T20:54:51+03:00"
}
{
  "extra": {},
  "file": "cors.go:381",
  "func": "github.com/rs/cors.(*Cors).logf()",
  "level": "info",
  "msg": "  Actual response added headers: map[Access-Control-Allow-Credentials:[true] Access-Control-Allow-Origin:[89.208.199.170] Vary:[Origin]]",
  "time": "2023-04-08T20:54:51+03:00"
}
{
  "extra": {},
  "file": "cors.go:381",
  "func": "github.com/rs/cors.(*Cors).logf()",
  "level": "info",
  "msg": "Handler: Actual request",
  "time": "2023-04-08T20:55:09+03:00"
}
{
  "extra": {},
  "file": "cors.go:381",
  "func": "github.com/rs/cors.(*Cors).logf()",
  "level": "info",
  "msg": "  Actual response added headers: map[Access-Control-Allow-Credentials:[true] Access-Control-Allow-Origin:[89.208.199.170] Vary:[Origin]]",
  "time": "2023-04-08T20:55:09+03:00"
}
{
  "extra": {},
  "file": "cors.go:381",
  "func": "github.com/rs/cors.(*Cors).logf()",
  "level": "info",
  "msg": "Handler: Actual request",
  "time": "2023-04-08T20:55:17+03:00"
}
{
  "extra": {},
  "file": "cors.go:381",
  "func": "github.com/rs/cors.(*Cors).logf()",
  "level": "info",
  "msg": "  Actual response added headers: map[Access-Control-Allow-Credentials:[true] Access-Control-Allow-Origin:[89.208.199.170] Vary:[Origin]]",
  "time": "2023-04-08T20:55:17+03:00"
}
{
  "extra": {},
  "file": "cors.go:381",
  "func": "github.com/rs/cors.(*Cors).logf()",
  "level": "info",
  "msg": "Handler: Actual request",
  "time": "2023-04-08T20:55:38+03:00"
}
{
  "extra": {},
  "file": "cors.go:381",
  "func": "github.com/rs/cors.(*Cors).logf()",
  "level": "info",
  "msg": "  Actual request no headers added: origin 'http://localhost:3000' not allowed",
  "time": "2023-04-08T20:55:38+03:00"
}
{
  "extra": {},
  "file": "cors.go:381",
  "func": "github.com/rs/cors.(*Cors).logf()",
  "level": "info",
  "msg": "Handler: Actual request",
  "time": "2023-04-08T20:56:10+03:00"
}
{
  "extra": {},
  "file": "cors.go:381",
  "func": "github.com/rs/cors.(*Cors).logf()",
  "level": "info",
  "msg": "  Actual request no headers added: origin 'http://localhost:3000' not allowed",
  "time": "2023-04-08T20:56:10+03:00"
}
{
  "extra": {},
  "file": "cors.go:381",
  "func": "github.com/rs/cors.(*Cors).logf()",
  "level": "info",
  "msg": "Handler: Actual request",
  "time": "2023-04-08T20:56:28+03:00"
}
{
  "extra": {},
  "file": "cors.go:381",
  "func": "github.com/rs/cors.(*Cors).logf()",
  "level": "info",
  "msg": "  Actual request no headers added: origin 'http://localhost:3000' not allowed",
  "time": "2023-04-08T20:56:28+03:00"
}
{
  "extra": {},
  "file": "/cmd/main.go:105",
  "func": "main.Run()",
  "level": "info",
  "msg": "start listening on :8080",
  "time": "2023-04-08T20:58:51+03:00"
}
{
  "extra": {},
  "file": "cors.go:381",
  "func": "github.com/rs/cors.(*Cors).logf()",
  "level": "info",
  "msg": "Handler: Actual request",
  "time": "2023-04-08T20:58:57+03:00"
}
{
  "extra": {},
  "file": "cors.go:381",
  "func": "github.com/rs/cors.(*Cors).logf()",
  "level": "info",
  "msg": "  Actual request no headers added: origin 'http://localhost:3000' not allowed",
  "time": "2023-04-08T20:58:57+03:00"
}
{
  "extra": {},
  "file": "cors.go:381",
  "func": "github.com/rs/cors.(*Cors).logf()",
  "level": "info",
  "msg": "Handler: Actual request",
  "time": "2023-04-08T20:59:56+03:00"
}
{
  "extra": {},
  "file": "cors.go:381",
  "func": "github.com/rs/cors.(*Cors).logf()",
  "level": "info",
  "msg": "  Actual request no headers added: origin 'http://localhost:3000' not allowed",
  "time": "2023-04-08T20:59:56+03:00"
}
